[0mCMake Deprecation Warning at CMakeLists.txt:1 (cmake_minimum_required):
  Compatibility with CMake < 3.10 will be removed from a future version of
  CMake.

  Update the VERSION argument <min> value.  Or, use the <min>...<max> syntax
  to tell CMake that the project requires at least <min> but has been updated
  to work with policies introduced by <max> or earlier.

[0m
-- The C compiler identification is GNU 11.4.0
-- The CXX compiler identification is GNU 11.4.0
-- Detecting C compiler ABI info
-- Detecting C compiler ABI info - done
-- Check for working C compiler: /usr/bin/cc - skipped
-- Detecting C compile features
-- Detecting C compile features - done
-- Detecting CXX compiler ABI info
-- Detecting CXX compiler ABI info - done
-- Check for working CXX compiler: /usr/bin/c++ - skipped
-- Detecting CXX compile features
-- Detecting CXX compile features - done
-- Found ament_cmake: 1.3.14 (/opt/ros/humble/share/ament_cmake/cmake)
-- Found Python3: /usr/bin/python3 (found version "3.10.12") found components: Interpreter
-- Found rclcpp: 16.0.19 (/opt/ros/humble/share/rclcpp/cmake)
-- Found rosidl_generator_c: 3.1.8 (/opt/ros/humble/share/rosidl_generator_c/cmake)
-- Found rosidl_adapter: 3.1.8 (/opt/ros/humble/share/rosidl_adapter/cmake)
-- Found rosidl_generator_cpp: 3.1.8 (/opt/ros/humble/share/rosidl_generator_cpp/cmake)
-- Using all available rosidl_typesupport_c: rosidl_typesupport_fastrtps_c;rosidl_typesupport_introspection_c
-- Using all available rosidl_typesupport_cpp: rosidl_typesupport_fastrtps_cpp;rosidl_typesupport_introspection_cpp
-- Found rmw_implementation_cmake: 6.1.2 (/opt/ros/humble/share/rmw_implementation_cmake/cmake)
-- Found rmw_fastrtps_cpp: 6.2.10 (/opt/ros/humble/share/rmw_fastrtps_cpp/cmake)
-- Found OpenSSL: /usr/lib/x86_64-linux-gnu/libcrypto.so (found version "3.0.2")
-- Found FastRTPS: /opt/ros/humble/include
-- Using RMW implementation 'rmw_fastrtps_cpp' as default
-- Performing Test CMAKE_HAVE_LIBC_PTHREAD
-- Performing Test CMAKE_HAVE_LIBC_PTHREAD - Success
-- Found Threads: TRUE
-- Found sensor_msgs: 4.9.1 (/opt/ros/humble/share/sensor_msgs/cmake)
-- Found nav_msgs: 4.9.1 (/opt/ros/humble/share/nav_msgs/cmake)
-- /usr/include/phoenix6 -lCTRE_Phoenix6 -lCTRE_PhoenixTools
-- Found ament_lint_auto: 0.12.15 (/opt/ros/humble/share/ament_lint_auto/cmake)
-- Added test 'cppcheck' to perform static code analysis on C / C++ code
-- Configured cppcheck include dirs: $<BUILD_INTERFACE:/home/arun/driveStack/src/differential-drive/include>
-- Configured cppcheck exclude dirs and/or files: 
-- Added test 'lint_cmake' to check CMake code style
-- Added test 'uncrustify' to check C / C++ code style
-- Configured uncrustify additional arguments: 
-- Added test 'xmllint' to check XML markup files
-- Configuring done (0.9s)
-- Generating done (0.0s)
-- Build files have been written to: /home/arun/driveStack/build/differential-drive
[ 50%] [32mBuilding CXX object CMakeFiles/differential-drive.dir/src/diff-drive-main.cpp.o[0m
In file included from [01m[K/home/arun/driveStack/src/differential-drive/src/diff-drive-main.cpp:17[m[K:
[01m[K/home/arun/driveStack/src/differential-drive/include/differential-drive/pid.hpp:41:9:[m[K [01;35m[Kwarning: [m[Kmulti-line comment [[01;35m[K]8;;https://gcc.gnu.org/onlinedocs/gcc/Warning-Options.html#index-Wcomment-Wcomment]8;;[m[K]
   41 |         [01;35m[K/[m[K/std::cout << "kp = " << kp << ", err = " << err \
      |         [01;35m[K^[m[K
[01m[K/home/arun/driveStack/src/differential-drive/src/diff-drive-main.cpp:30:[m[K [01;35m[Kwarning: [m[K"M_PI" redefined
   30 | #define M_PI (double)3.141592
      | 
In file included from [01m[K/usr/include/c++/11/cmath:45[m[K,
                 from [01m[K/opt/ros/humble/include/libstatistics_collector/libstatistics_collector/moving_average_statistics/types.hpp:18[m[K,
                 from [01m[K/opt/ros/humble/include/libstatistics_collector/libstatistics_collector/collector/generate_statistics_message.hpp:24[m[K,
                 from [01m[K/opt/ros/humble/include/rclcpp/rclcpp/topic_statistics/subscription_topic_statistics.hpp:23[m[K,
                 from [01m[K/opt/ros/humble/include/rclcpp/rclcpp/subscription.hpp:50[m[K,
                 from [01m[K/opt/ros/humble/include/rclcpp/rclcpp/any_executable.hpp:25[m[K,
                 from [01m[K/opt/ros/humble/include/rclcpp/rclcpp/memory_strategy.hpp:25[m[K,
                 from [01m[K/opt/ros/humble/include/rclcpp/rclcpp/memory_strategies.hpp:18[m[K,
                 from [01m[K/opt/ros/humble/include/rclcpp/rclcpp/executor_options.hpp:20[m[K,
                 from [01m[K/opt/ros/humble/include/rclcpp/rclcpp/executor.hpp:37[m[K,
                 from [01m[K/opt/ros/humble/include/rclcpp/rclcpp/executors/multi_threaded_executor.hpp:25[m[K,
                 from [01m[K/opt/ros/humble/include/rclcpp/rclcpp/executors.hpp:21[m[K,
                 from [01m[K/opt/ros/humble/include/rclcpp/rclcpp/rclcpp.hpp:155[m[K,
                 from [01m[K/home/arun/driveStack/src/differential-drive/src/diff-drive-main.cpp:3[m[K:
[01m[K/usr/include/math.h:1151:[m[K [01;36m[Knote: [m[Kthis is the location of the previous definition
 1151 | # define M_PI           3.14159265358979323846  /* pi */
      | 
[100%] [1m[32mLinking CXX executable differential-drive[0m
[100%] Built target differential-drive
-- Install configuration: ""
-- Installing: /home/arun/driveStack/install/differential-drive/lib/differential-drive/differential-drive
-- Set non-toolchain portion of runtime path of "/home/arun/driveStack/install/differential-drive/lib/differential-drive/differential-drive" to "/usr/lib/phoenix6:/opt/ros/humble/lib"
-- Installing: /home/arun/driveStack/install/differential-drive/share/ament_index/resource_index/package_run_dependencies/differential-drive
-- Installing: /home/arun/driveStack/install/differential-drive/share/ament_index/resource_index/parent_prefix_path/differential-drive
-- Installing: /home/arun/driveStack/install/differential-drive/share/differential-drive/environment/ament_prefix_path.sh
-- Installing: /home/arun/driveStack/install/differential-drive/share/differential-drive/environment/ament_prefix_path.dsv
-- Installing: /home/arun/driveStack/install/differential-drive/share/differential-drive/environment/path.sh
-- Installing: /home/arun/driveStack/install/differential-drive/share/differential-drive/environment/path.dsv
-- Installing: /home/arun/driveStack/install/differential-drive/share/differential-drive/local_setup.bash
-- Installing: /home/arun/driveStack/install/differential-drive/share/differential-drive/local_setup.sh
-- Installing: /home/arun/driveStack/install/differential-drive/share/differential-drive/local_setup.zsh
-- Installing: /home/arun/driveStack/install/differential-drive/share/differential-drive/local_setup.dsv
-- Installing: /home/arun/driveStack/install/differential-drive/share/differential-drive/package.dsv
-- Installing: /home/arun/driveStack/install/differential-drive/share/ament_index/resource_index/packages/differential-drive
-- Installing: /home/arun/driveStack/install/differential-drive/share/differential-drive/cmake/ament_cmake_export_dependencies-extras.cmake
-- Installing: /home/arun/driveStack/install/differential-drive/share/differential-drive/cmake/differential-driveConfig.cmake
-- Installing: /home/arun/driveStack/install/differential-drive/share/differential-drive/cmake/differential-driveConfig-version.cmake
-- Installing: /home/arun/driveStack/install/differential-drive/share/differential-drive/package.xml
