[0.004s] Invoking command in '/home/arun/driveStack/build/differential-drive': CMAKE_PREFIX_PATH=${CMAKE_PREFIX_PATH}:/opt/ros/humble /usr/bin/cmake /home/arun/driveStack/src/differential-drive -DCMAKE_INSTALL_PREFIX=/home/arun/driveStack/install/differential-drive
[0.013s] [0mCMake Deprecation Warning at CMakeLists.txt:1 (cmake_minimum_required):
[0.013s]   Compatibility with CMake < 3.10 will be removed from a future version of
[0.013s]   CMake.
[0.013s] 
[0.013s]   Update the VERSION argument <min> value.  Or, use the <min>...<max> syntax
[0.013s]   to tell CMake that the project requires at least <min> but has been updated
[0.013s]   to work with policies introduced by <max> or earlier.
[0.013s] 
[0.013s] [0m
[0.077s] -- The C compiler identification is GNU 11.4.0
[0.121s] -- The CXX compiler identification is GNU 11.4.0
[0.127s] -- Detecting C compiler ABI info
[0.204s] -- Detecting C compiler ABI info - done
[0.222s] -- Check for working C compiler: /usr/bin/cc - skipped
[0.222s] -- Detecting C compile features
[0.223s] -- Detecting C compile features - done
[0.236s] -- Detecting CXX compiler ABI info
[0.313s] -- Detecting CXX compiler ABI info - done
[0.326s] -- Check for working CXX compiler: /usr/bin/c++ - skipped
[0.326s] -- Detecting CXX compile features
[0.327s] -- Detecting CXX compile features - done
[0.345s] -- Found ament_cmake: 1.3.14 (/opt/ros/humble/share/ament_cmake/cmake)
[0.479s] -- Found Python3: /usr/bin/python3 (found version "3.10.12") found components: Interpreter
[0.537s] -- Found rclcpp: 16.0.19 (/opt/ros/humble/share/rclcpp/cmake)
[0.564s] -- Found rosidl_generator_c: 3.1.8 (/opt/ros/humble/share/rosidl_generator_c/cmake)
[0.566s] -- Found rosidl_adapter: 3.1.8 (/opt/ros/humble/share/rosidl_adapter/cmake)
[0.571s] -- Found rosidl_generator_cpp: 3.1.8 (/opt/ros/humble/share/rosidl_generator_cpp/cmake)
[0.576s] -- Using all available rosidl_typesupport_c: rosidl_typesupport_fastrtps_c;rosidl_typesupport_introspection_c
[0.584s] -- Using all available rosidl_typesupport_cpp: rosidl_typesupport_fastrtps_cpp;rosidl_typesupport_introspection_cpp
[0.607s] -- Found rmw_implementation_cmake: 6.1.2 (/opt/ros/humble/share/rmw_implementation_cmake/cmake)
[0.609s] -- Found rmw_fastrtps_cpp: 6.2.10 (/opt/ros/humble/share/rmw_fastrtps_cpp/cmake)
[0.671s] -- Found OpenSSL: /usr/lib/x86_64-linux-gnu/libcrypto.so (found version "3.0.2")
[0.696s] -- Found FastRTPS: /opt/ros/humble/include
[0.744s] -- Using RMW implementation 'rmw_fastrtps_cpp' as default
[0.751s] -- Performing Test CMAKE_HAVE_LIBC_PTHREAD
[0.809s] -- Performing Test CMAKE_HAVE_LIBC_PTHREAD - Success
[0.812s] -- Found Threads: TRUE
[0.864s] -- Found sensor_msgs: 4.9.1 (/opt/ros/humble/share/sensor_msgs/cmake)
[0.884s] -- Found nav_msgs: 4.9.1 (/opt/ros/humble/share/nav_msgs/cmake)
[0.894s] -- /usr/include/phoenix6 -lCTRE_Phoenix6 -lCTRE_PhoenixTools
[0.898s] -- Found ament_lint_auto: 0.12.15 (/opt/ros/humble/share/ament_lint_auto/cmake)
[0.947s] -- Added test 'cppcheck' to perform static code analysis on C / C++ code
[0.947s] -- Configured cppcheck include dirs: $<BUILD_INTERFACE:/home/arun/driveStack/src/differential-drive/include>
[0.947s] -- Configured cppcheck exclude dirs and/or files: 
[0.948s] -- Added test 'lint_cmake' to check CMake code style
[0.948s] -- Added test 'uncrustify' to check C / C++ code style
[0.948s] -- Configured uncrustify additional arguments: 
[0.949s] -- Added test 'xmllint' to check XML markup files
[0.949s] -- Configuring done (0.9s)
[0.956s] -- Generating done (0.0s)
[0.965s] -- Build files have been written to: /home/arun/driveStack/build/differential-drive
[0.971s] Invoked command in '/home/arun/driveStack/build/differential-drive' returned '0': CMAKE_PREFIX_PATH=${CMAKE_PREFIX_PATH}:/opt/ros/humble /usr/bin/cmake /home/arun/driveStack/src/differential-drive -DCMAKE_INSTALL_PREFIX=/home/arun/driveStack/install/differential-drive
[0.971s] Invoking command in '/home/arun/driveStack/build/differential-drive': CMAKE_PREFIX_PATH=${CMAKE_PREFIX_PATH}:/opt/ros/humble /usr/bin/cmake --build /home/arun/driveStack/build/differential-drive -- -j32 -l32
[0.994s] [ 50%] [32mBuilding CXX object CMakeFiles/differential-drive.dir/src/diff-drive-main.cpp.o[0m
[1.110s] In file included from [01m[K/home/arun/driveStack/src/differential-drive/src/diff-drive-main.cpp:17[m[K:
[1.110s] [01m[K/home/arun/driveStack/src/differential-drive/include/differential-drive/pid.hpp:41:9:[m[K [01;35m[Kwarning: [m[Kmulti-line comment [[01;35m[K]8;;https://gcc.gnu.org/onlinedocs/gcc/Warning-Options.html#index-Wcomment-Wcomment]8;;[m[K]
[1.110s]    41 |         [01;35m[K/[m[K/std::cout << "kp = " << kp << ", err = " << err \
[1.110s]       |         [01;35m[K^[m[K
[1.112s] [01m[K/home/arun/driveStack/src/differential-drive/src/diff-drive-main.cpp:30:[m[K [01;35m[Kwarning: [m[K"M_PI" redefined
[1.112s]    30 | #define M_PI (double)3.141592
[1.112s]       | 
[1.112s] In file included from [01m[K/usr/include/c++/11/cmath:45[m[K,
[1.112s]                  from [01m[K/opt/ros/humble/include/libstatistics_collector/libstatistics_collector/moving_average_statistics/types.hpp:18[m[K,
[1.112s]                  from [01m[K/opt/ros/humble/include/libstatistics_collector/libstatistics_collector/collector/generate_statistics_message.hpp:24[m[K,
[1.112s]                  from [01m[K/opt/ros/humble/include/rclcpp/rclcpp/topic_statistics/subscription_topic_statistics.hpp:23[m[K,
[1.112s]                  from [01m[K/opt/ros/humble/include/rclcpp/rclcpp/subscription.hpp:50[m[K,
[1.112s]                  from [01m[K/opt/ros/humble/include/rclcpp/rclcpp/any_executable.hpp:25[m[K,
[1.112s]                  from [01m[K/opt/ros/humble/include/rclcpp/rclcpp/memory_strategy.hpp:25[m[K,
[1.113s]                  from [01m[K/opt/ros/humble/include/rclcpp/rclcpp/memory_strategies.hpp:18[m[K,
[1.113s]                  from [01m[K/opt/ros/humble/include/rclcpp/rclcpp/executor_options.hpp:20[m[K,
[1.113s]                  from [01m[K/opt/ros/humble/include/rclcpp/rclcpp/executor.hpp:37[m[K,
[1.113s]                  from [01m[K/opt/ros/humble/include/rclcpp/rclcpp/executors/multi_threaded_executor.hpp:25[m[K,
[1.113s]                  from [01m[K/opt/ros/humble/include/rclcpp/rclcpp/executors.hpp:21[m[K,
[1.113s]                  from [01m[K/opt/ros/humble/include/rclcpp/rclcpp/rclcpp.hpp:155[m[K,
[1.113s]                  from [01m[K/home/arun/driveStack/src/differential-drive/src/diff-drive-main.cpp:3[m[K:
[1.113s] [01m[K/usr/include/math.h:1151:[m[K [01;36m[Knote: [m[Kthis is the location of the previous definition
[1.113s]  1151 | # define M_PI           3.14159265358979323846  /* pi */
[1.113s]       | 
[6.207s] [100%] [1m[32mLinking CXX executable differential-drive[0m
[6.432s] [100%] Built target differential-drive
[6.436s] Invoked command in '/home/arun/driveStack/build/differential-drive' returned '0': CMAKE_PREFIX_PATH=${CMAKE_PREFIX_PATH}:/opt/ros/humble /usr/bin/cmake --build /home/arun/driveStack/build/differential-drive -- -j32 -l32
[6.440s] Invoking command in '/home/arun/driveStack/build/differential-drive': CMAKE_PREFIX_PATH=${CMAKE_PREFIX_PATH}:/opt/ros/humble /usr/bin/cmake --install /home/arun/driveStack/build/differential-drive
[6.443s] -- Install configuration: ""
[6.443s] -- Installing: /home/arun/driveStack/install/differential-drive/lib/differential-drive/differential-drive
[6.446s] -- Set non-toolchain portion of runtime path of "/home/arun/driveStack/install/differential-drive/lib/differential-drive/differential-drive" to "/usr/lib/phoenix6:/opt/ros/humble/lib"
[6.446s] -- Installing: /home/arun/driveStack/install/differential-drive/share/ament_index/resource_index/package_run_dependencies/differential-drive
[6.446s] -- Installing: /home/arun/driveStack/install/differential-drive/share/ament_index/resource_index/parent_prefix_path/differential-drive
[6.446s] -- Installing: /home/arun/driveStack/install/differential-drive/share/differential-drive/environment/ament_prefix_path.sh
[6.446s] -- Installing: /home/arun/driveStack/install/differential-drive/share/differential-drive/environment/ament_prefix_path.dsv
[6.446s] -- Installing: /home/arun/driveStack/install/differential-drive/share/differential-drive/environment/path.sh
[6.446s] -- Installing: /home/arun/driveStack/install/differential-drive/share/differential-drive/environment/path.dsv
[6.446s] -- Installing: /home/arun/driveStack/install/differential-drive/share/differential-drive/local_setup.bash
[6.446s] -- Installing: /home/arun/driveStack/install/differential-drive/share/differential-drive/local_setup.sh
[6.446s] -- Installing: /home/arun/driveStack/install/differential-drive/share/differential-drive/local_setup.zsh
[6.446s] -- Installing: /home/arun/driveStack/install/differential-drive/share/differential-drive/local_setup.dsv
[6.447s] -- Installing: /home/arun/driveStack/install/differential-drive/share/differential-drive/package.dsv
[6.447s] -- Installing: /home/arun/driveStack/install/differential-drive/share/ament_index/resource_index/packages/differential-drive
[6.447s] -- Installing: /home/arun/driveStack/install/differential-drive/share/differential-drive/cmake/ament_cmake_export_dependencies-extras.cmake
[6.447s] -- Installing: /home/arun/driveStack/install/differential-drive/share/differential-drive/cmake/differential-driveConfig.cmake
[6.447s] -- Installing: /home/arun/driveStack/install/differential-drive/share/differential-drive/cmake/differential-driveConfig-version.cmake
[6.447s] -- Installing: /home/arun/driveStack/install/differential-drive/share/differential-drive/package.xml
[6.448s] Invoked command in '/home/arun/driveStack/build/differential-drive' returned '0': CMAKE_PREFIX_PATH=${CMAKE_PREFIX_PATH}:/opt/ros/humble /usr/bin/cmake --install /home/arun/driveStack/build/differential-drive
